16:42:12.330 [main] INFO  testCases.TC_002_LoginTest - Starting TC_002_LoginTest...
16:42:13.607 [main] INFO  testCases.TC_002_LoginTest - Clicking on Login Button
16:43:32.621 [main] INFO  testCases.TC_002_LoginTest - Starting TC_002_LoginTest...
16:43:33.987 [main] INFO  testCases.TC_002_LoginTest - Clicking on Login Button
16:52:14.789 [main] INFO  testCases.TC_002_LoginTest - Starting TC_002_LoginTest...
16:52:16.192 [main] INFO  testCases.TC_002_LoginTest - Clicking on Login Button
16:52:21.269 [main] INFO  testCases.TC_002_LoginTest - Clicked on Login Button
17:21:03.322 [main] INFO  testCases.TC_002_LoginTest - Starting TC_002_LoginTest...
17:21:05.277 [main] INFO  testCases.TC_002_LoginTest - Clicking on Login Button
17:21:10.337 [main] INFO  testCases.TC_002_LoginTest - Clicked on Login Button
17:21:11.192 [main] INFO  testCases.TC_002_LoginTest - ***Finished TC_002_LoginTest***
17:22:11.506 [main] INFO  testCases.TC_001_AccountRegistrationTest - Clicked on MyAccount Link
17:22:12.293 [main] INFO  testCases.TC_001_AccountRegistrationTest - Clicked on Register
17:22:12.315 [main] INFO  testCases.TC_001_AccountRegistrationTest - Providing customer data
17:22:12.921 [main] INFO  testCases.TC_001_AccountRegistrationTest - Clicked Continue button
17:22:14.980 [main] INFO  testCases.TC_001_AccountRegistrationTest - validating message
17:22:14.980 [main] INFO  testCases.TC_001_AccountRegistrationTest - ***Finished TC_001_AccountRegistrationTest***
17:22:18.532 [main] INFO  testCases.TC_002_LoginTest - Starting TC_002_LoginTest...
17:22:19.593 [main] INFO  testCases.TC_002_LoginTest - Clicking on Login Button
17:22:24.647 [main] INFO  testCases.TC_002_LoginTest - Clicked on Login Button
17:22:25.410 [main] INFO  testCases.TC_002_LoginTest - ***Finished TC_002_LoginTest***
17:19:07.675 [main] INFO  testCases.TC_003_LoginDDT - Starting the TC_003**
17:19:09.431 [main] INFO  testCases.TC_003_LoginDDT - Starting the TC_003**
17:19:10.374 [main] INFO  testCases.TC_003_LoginDDT - Starting the TC_003**
17:19:11.438 [main] INFO  testCases.TC_003_LoginDDT - Starting the TC_003**
17:19:12.499 [main] INFO  testCases.TC_003_LoginDDT - Starting the TC_003**
17:21:29.134 [main] INFO  testCases.TC_003_LoginDDT - Starting the TC_003**
17:21:30.490 [main] INFO  testCases.TC_003_LoginDDT - Starting the TC_003**
17:21:31.559 [main] INFO  testCases.TC_003_LoginDDT - Starting the TC_003**
17:21:32.625 [main] INFO  testCases.TC_003_LoginDDT - Starting the TC_003**
17:21:33.673 [main] INFO  testCases.TC_003_LoginDDT - Starting the TC_003**
17:23:14.904 [main] INFO  testCases.TC_003_LoginDDT - Starting the TC_003**
17:23:18.674 [main] INFO  testCases.TC_003_LoginDDT - Starting the TC_003**
17:23:20.008 [main] INFO  testCases.TC_003_LoginDDT - Starting the TC_003**
17:23:30.268 [main] INFO  testCases.TC_003_LoginDDT - Starting the TC_003**
17:23:40.596 [main] INFO  testCases.TC_003_LoginDDT - Starting the TC_003**
17:26:50.508 [main] INFO  testCases.TC_003_LoginDDT - Starting the TC_003**
17:26:55.189 [main] INFO  testCases.TC_003_LoginDDT - Starting the TC_003**
17:26:56.530 [main] INFO  testCases.TC_003_LoginDDT - Starting the TC_003**
17:27:06.843 [main] INFO  testCases.TC_003_LoginDDT - Starting the TC_003**
17:27:08.221 [main] INFO  testCases.TC_003_LoginDDT - Starting the TC_003**
17:30:55.111 [main] INFO  testCases.TC_003_LoginDDT - Starting the TC_003**
17:30:58.808 [main] INFO  testCases.TC_003_LoginDDT - Finished TC_003**
17:30:58.854 [main] INFO  testCases.TC_003_LoginDDT - Starting the TC_003**
17:31:10.109 [main] INFO  testCases.TC_003_LoginDDT - Finished TC_003**
17:31:10.124 [main] INFO  testCases.TC_003_LoginDDT - Starting the TC_003**
17:31:21.349 [main] INFO  testCases.TC_003_LoginDDT - Finished TC_003**
17:31:21.360 [main] INFO  testCases.TC_003_LoginDDT - Starting the TC_003**
17:31:32.579 [main] INFO  testCases.TC_003_LoginDDT - Finished TC_003**
17:31:32.603 [main] INFO  testCases.TC_003_LoginDDT - Starting the TC_003**
17:31:34.845 [main] INFO  testCases.TC_003_LoginDDT - Finished TC_003**
16:52:29.450 [main] ERROR testCases.TC_001_AccountRegistrationTest - test failed
16:52:49.989 [main] INFO  testCases.TC_001_AccountRegistrationTest - Clicked on MyAccount Link
16:52:51.294 [main] INFO  testCases.TC_001_AccountRegistrationTest - Clicked on Register
16:52:51.299 [main] INFO  testCases.TC_001_AccountRegistrationTest - Providing customer data
16:52:52.044 [main] INFO  testCases.TC_001_AccountRegistrationTest - Clicked Continue button
16:52:54.103 [main] INFO  testCases.TC_001_AccountRegistrationTest - validating message
16:52:54.103 [main] INFO  testCases.TC_001_AccountRegistrationTest - ***Finished TC_001_AccountRegistrationTest***
16:52:57.870 [main] INFO  testCases.TC_002_LoginTest - Starting TC_002_LoginTest...
16:52:59.290 [main] INFO  testCases.TC_002_LoginTest - Clicking on Login Button
16:52:59.331 [main] INFO  testCases.TC_002_LoginTest - Clicked on Login Button
16:53:00.477 [main] INFO  testCases.TC_002_LoginTest - ***Finished TC_002_LoginTest***
16:53:54.832 [main] INFO  testCases.TC_002_LoginTest - Starting TC_002_LoginTest...
16:53:56.283 [main] INFO  testCases.TC_002_LoginTest - Clicking on Login Button
16:53:56.384 [main] INFO  testCases.TC_002_LoginTest - Clicked on Login Button
16:53:57.366 [main] INFO  testCases.TC_002_LoginTest - ***Finished TC_002_LoginTest***
16:58:52.973 [main] INFO  testCases.TC_003_LoginDDT - Starting the TC_003**
16:58:56.386 [main] INFO  testCases.TC_003_LoginDDT - Finished TC_003**
16:58:56.444 [main] INFO  testCases.TC_003_LoginDDT - Starting the TC_003**
16:59:07.688 [main] INFO  testCases.TC_003_LoginDDT - Finished TC_003**
16:59:07.703 [main] INFO  testCases.TC_003_LoginDDT - Starting the TC_003**
16:59:18.884 [main] INFO  testCases.TC_003_LoginDDT - Finished TC_003**
16:59:18.901 [main] INFO  testCases.TC_003_LoginDDT - Starting the TC_003**
16:59:30.272 [main] INFO  testCases.TC_003_LoginDDT - Finished TC_003**
16:59:30.285 [main] INFO  testCases.TC_003_LoginDDT - Starting the TC_003**
17:01:01.769 [main] INFO  testCases.TC_001_AccountRegistrationTest - Clicked on MyAccount Link
17:01:02.879 [main] INFO  testCases.TC_001_AccountRegistrationTest - Clicked on Register
17:01:02.888 [main] INFO  testCases.TC_001_AccountRegistrationTest - Providing customer data
17:01:03.558 [main] INFO  testCases.TC_001_AccountRegistrationTest - Clicked Continue button
17:01:05.651 [main] INFO  testCases.TC_001_AccountRegistrationTest - validating message
17:01:09.685 [main] INFO  testCases.TC_002_LoginTest - Starting TC_002_LoginTest...
17:01:11.054 [main] INFO  testCases.TC_002_LoginTest - Clicking on Login Button
17:01:11.109 [main] INFO  testCases.TC_002_LoginTest - Clicked on Login Button
17:01:12.286 [main] INFO  testCases.TC_002_LoginTest - ***Finished TC_002_LoginTest***
17:01:58.557 [main] INFO  testCases.TC_001_AccountRegistrationTest - Clicked on MyAccount Link
17:01:59.637 [main] INFO  testCases.TC_001_AccountRegistrationTest - Clicked on Register
17:01:59.645 [main] INFO  testCases.TC_001_AccountRegistrationTest - Providing customer data
17:02:00.196 [main] INFO  testCases.TC_001_AccountRegistrationTest - Clicked Continue button
17:02:02.302 [main] INFO  testCases.TC_001_AccountRegistrationTest - validating message
17:02:02.307 [main] INFO  testCases.TC_001_AccountRegistrationTest - ***Finished TC_001_AccountRegistrationTest***
15:24:31.824 [main] INFO  testCases.TC_002_LoginTest - Starting TC_002_LoginTest...
15:24:33.593 [main] INFO  testCases.TC_002_LoginTest - Clicking on Login Button
15:24:33.724 [main] INFO  testCases.TC_002_LoginTest - Clicked on Login Button
15:24:34.878 [main] INFO  testCases.TC_002_LoginTest - ***Finished TC_002_LoginTest***
15:50:44.773 [main] INFO  testCases.TC_001_AccountRegistrationTest - Clicked on MyAccount Link
15:50:45.819 [main] INFO  testCases.TC_001_AccountRegistrationTest - Clicked on Register
15:50:45.858 [main] INFO  testCases.TC_001_AccountRegistrationTest - Providing customer data
15:50:46.514 [main] INFO  testCases.TC_001_AccountRegistrationTest - Clicked Continue button
15:50:48.568 [main] INFO  testCases.TC_001_AccountRegistrationTest - validating message
15:50:52.990 [main] INFO  testCases.TC_002_LoginTest - Starting TC_002_LoginTest...
15:50:54.270 [main] INFO  testCases.TC_002_LoginTest - Clicking on Login Button
15:50:54.307 [main] INFO  testCases.TC_002_LoginTest - Clicked on Login Button
15:50:55.309 [main] INFO  testCases.TC_002_LoginTest - ***Finished TC_002_LoginTest***
15:51:27.551 [main] INFO  testCases.TC_001_AccountRegistrationTest - Clicked on MyAccount Link
15:51:28.563 [main] INFO  testCases.TC_001_AccountRegistrationTest - Clicked on Register
15:51:28.578 [main] INFO  testCases.TC_001_AccountRegistrationTest - Providing customer data
15:51:29.080 [main] INFO  testCases.TC_001_AccountRegistrationTest - Clicked Continue button
15:51:31.117 [main] INFO  testCases.TC_001_AccountRegistrationTest - validating message
16:13:04.669 [main] INFO  testCases.TC_001_AccountRegistrationTest - Clicked on MyAccount Link
16:13:06.383 [main] INFO  testCases.TC_001_AccountRegistrationTest - Clicked on Register
16:13:06.389 [main] INFO  testCases.TC_001_AccountRegistrationTest - Providing customer data
16:13:07.347 [main] INFO  testCases.TC_001_AccountRegistrationTest - Clicked Continue button
16:13:09.439 [main] INFO  testCases.TC_001_AccountRegistrationTest - validating message
16:13:09.445 [main] INFO  testCases.TC_001_AccountRegistrationTest - ***Finished TC_001_AccountRegistrationTest***
16:13:13.724 [main] INFO  testCases.TC_002_LoginTest - Starting TC_002_LoginTest...
16:13:15.284 [main] INFO  testCases.TC_002_LoginTest - Clicking on Login Button
16:13:15.378 [main] INFO  testCases.TC_002_LoginTest - Clicked on Login Button
16:13:16.486 [main] INFO  testCases.TC_002_LoginTest - ***Finished TC_002_LoginTest***
16:18:57.512 [main] INFO  testCases.TC_001_AccountRegistrationTest - Clicked on MyAccount Link
16:18:58.610 [main] INFO  testCases.TC_001_AccountRegistrationTest - Clicked on Register
16:18:58.627 [main] INFO  testCases.TC_001_AccountRegistrationTest - Providing customer data
16:18:59.859 [main] INFO  testCases.TC_001_AccountRegistrationTest - Clicked Continue button
16:19:01.948 [main] INFO  testCases.TC_001_AccountRegistrationTest - validating message
16:19:01.955 [main] INFO  testCases.TC_001_AccountRegistrationTest - ***Finished TC_001_AccountRegistrationTest***
16:19:05.363 [main] INFO  testCases.TC_002_LoginTest - Starting TC_002_LoginTest...
16:19:06.766 [main] INFO  testCases.TC_002_LoginTest - Clicking on Login Button
16:19:06.805 [main] INFO  testCases.TC_002_LoginTest - Clicked on Login Button
16:19:07.916 [main] INFO  testCases.TC_002_LoginTest - ***Finished TC_002_LoginTest***
